# JRE version: Java(TM) SE Runtime Environment (8.0-b132) (build 1.8.0-b132)
# Java VM: Java HotSpot(TM) 64-Bit Server VM (25.0-b70 mixed mode windows-amd64 compressed oops)
Heap:
 PSYoungGen      total 1536K, used 586K [0x00000000eb400000, 0x00000000eb600000, 0x0000000100000000)
  eden space 1024K, 10% used [0x00000000eb400000,0x00000000eb41aaa8,0x00000000eb500000)
  from space 512K, 93% used [0x00000000eb580000,0x00000000eb5f8020,0x00000000eb600000)
  to   space 512K, 0% used [0x00000000eb500000,0x00000000eb500000,0x00000000eb580000)
 ParOldGen       total 64000K, used 6123K [0x00000000c1c00000, 0x00000000c5a80000, 0x00000000eb400000)
  object space 64000K, 9% used [0x00000000c1c00000,0x00000000c21fafb8,0x00000000c5a80000)
 Metaspace       used 7615K, capacity 7734K, committed 7936K, reserved 1056768K
  class space    used 925K, capacity 974K, committed 1024K, reserved 1048576K
GC Heap History (8 events):
Event: 0.163 GC heap before
{Heap before GC invocations=1 (full 0):
 PSYoungGen      total 1024K, used 512K [0x00000000eb400000, 0x00000000eb580000, 0x0000000100000000)
  eden space 512K, 100% used [0x00000000eb400000,0x00000000eb480000,0x00000000eb480000)
  from space 512K, 0% used [0x00000000eb500000,0x00000000eb500000,0x00000000eb580000)
  to   space 512K, 0% used [0x00000000eb480000,0x00000000eb480000,0x00000000eb500000)
 ParOldGen       total 64000K, used 0K [0x00000000c1c00000, 0x00000000c5a80000, 0x00000000eb400000)
  object space 64000K, 0% used [0x00000000c1c00000,0x00000000c1c00000,0x00000000c5a80000)
 Metaspace       used 2944K, capacity 4522K, committed 4864K, reserved 1056768K
  class space    used 327K, capacity 418K, committed 512K, reserved 1048576K
Event: 0.164 GC heap after
Heap after GC invocations=1 (full 0):
 PSYoungGen      total 1024K, used 432K [0x00000000eb400000, 0x00000000eb580000, 0x0000000100000000)
  eden space 512K, 0% used [0x00000000eb400000,0x00000000eb400000,0x00000000eb480000)
  from space 512K, 84% used [0x00000000eb480000,0x00000000eb4ec010,0x00000000eb500000)
  to   space 512K, 0% used [0x00000000eb500000,0x00000000eb500000,0x00000000eb580000)
 ParOldGen       total 64000K, used 8K [0x00000000c1c00000, 0x00000000c5a80000, 0x00000000eb400000)
  object space 64000K, 0% used [0x00000000c1c00000,0x00000000c1c02000,0x00000000c5a80000)
 Metaspace       used 2944K, capacity 4522K, committed 4864K, reserved 1056768K
  class space    used 327K, capacity 418K, committed 512K, reserved 1048576K
}
Event: 0.251 GC heap before
{Heap before GC invocations=2 (full 0):
 PSYoungGen      total 1024K, used 944K [0x00000000eb400000, 0x00000000eb580000, 0x0000000100000000)
  eden space 512K, 100% used [0x00000000eb400000,0x00000000eb480000,0x00000000eb480000)
  from space 512K, 84% used [0x00000000eb480000,0x00000000eb4ec010,0x00000000eb500000)
  to   space 512K, 0% used [0x00000000eb500000,0x00000000eb500000,0x00000000eb580000)
 ParOldGen       total 64000K, used 8K [0x00000000c1c00000, 0x00000000c5a80000, 0x00000000eb400000)
  object space 64000K, 0% used [0x00000000c1c00000,0x00000000c1c02000,0x00000000c5a80000)
 Metaspace       used 5110K, capacity 5218K, committed 5376K, reserved 1056768K
  class space    used 594K, capacity 650K, committed 768K, reserved 1048576K
Event: 0.252 GC heap after
Heap after GC invocations=2 (full 0):
 PSYoungGen      total 1024K, used 496K [0x00000000eb400000, 0x00000000eb600000, 0x0000000100000000)
  eden space 512K, 0% used [0x00000000eb400000,0x00000000eb400000,0x00000000eb480000)
  from space 512K, 96% used [0x00000000eb500000,0x00000000eb57c010,0x00000000eb580000)
  to   space 512K, 0% used [0x00000000eb480000,0x00000000eb480000,0x00000000eb500000)
 ParOldGen       total 64000K, used 208K [0x00000000c1c00000, 0x00000000c5a80000, 0x00000000eb400000)
  object space 64000K, 0% used [0x00000000c1c00000,0x00000000c1c34000,0x00000000c5a80000)
 Metaspace       used 5110K, capacity 5218K, committed 5376K, reserved 1056768K
  class space    used 594K, capacity 650K, committed 768K, reserved 1048576K
}
Event: 0.324 GC heap before
{Heap before GC invocations=3 (full 0):
 PSYoungGen      total 1024K, used 1008K [0x00000000eb400000, 0x00000000eb600000, 0x0000000100000000)
  eden space 512K, 100% used [0x00000000eb400000,0x00000000eb480000,0x00000000eb480000)
  from space 512K, 96% used [0x00000000eb500000,0x00000000eb57c010,0x00000000eb580000)
  to   space 512K, 0% used [0x00000000eb480000,0x00000000eb480000,0x00000000eb500000)
 ParOldGen       total 64000K, used 2908K [0x00000000c1c00000, 0x00000000c5a80000, 0x00000000eb400000)
  object space 64000K, 4% used [0x00000000c1c00000,0x00000000c1ed7020,0x00000000c5a80000)
 Metaspace       used 6399K, capacity 6472K, committed 6784K, reserved 1056768K
  class space    used 771K, capacity 812K, committed 896K, reserved 1048576K
Event: 0.326 GC heap after
Heap after GC invocations=3 (full 0):
 PSYoungGen      total 1024K, used 496K [0x00000000eb400000, 0x00000000eb600000, 0x0000000100000000)
  eden space 512K, 0% used [0x00000000eb400000,0x00000000eb400000,0x00000000eb480000)
  from space 512K, 96% used [0x00000000eb480000,0x00000000eb4fc010,0x00000000eb500000)
  to   space 512K, 0% used [0x00000000eb580000,0x00000000eb580000,0x00000000eb600000)
 ParOldGen       total 64000K, used 3268K [0x00000000c1c00000, 0x00000000c5a80000, 0x00000000eb400000)
  object space 64000K, 5% used [0x00000000c1c00000,0x00000000c1f31020,0x00000000c5a80000)
 Metaspace       used 6399K, capacity 6472K, committed 6784K, reserved 1056768K
  class space    used 771K, capacity 812K, committed 896K, reserved 1048576K
}
Event: 1.617 GC heap before
{Heap before GC invocations=4 (full 0):
 PSYoungGen      total 1024K, used 1007K [0x00000000eb400000, 0x00000000eb600000, 0x0000000100000000)
  eden space 512K, 99% used [0x00000000eb400000,0x00000000eb47ffd8,0x00000000eb480000)
  from space 512K, 96% used [0x00000000eb480000,0x00000000eb4fc010,0x00000000eb500000)
  to   space 512K, 0% used [0x00000000eb580000,0x00000000eb580000,0x00000000eb600000)
 ParOldGen       total 64000K, used 5875K [0x00000000c1c00000, 0x00000000c5a80000, 0x00000000eb400000)
  object space 64000K, 9% used [0x00000000c1c00000,0x00000000c21bcfb8,0x00000000c5a80000)
 Metaspace       used 7593K, capacity 7670K, committed 7936K, reserved 1056768K
  class space    used 925K, capacity 974K, committed 1024K, reserved 1048576K
Event: 1.619 GC heap after
Heap after GC invocations=4 (full 0):
 PSYoungGen      total 1536K, used 480K [0x00000000eb400000, 0x00000000eb600000, 0x0000000100000000)
  eden space 1024K, 0% used [0x00000000eb400000,0x00000000eb400000,0x00000000eb500000)
  from space 512K, 93% used [0x00000000eb580000,0x00000000eb5f8020,0x00000000eb600000)
  to   space 512K, 0% used [0x00000000eb500000,0x00000000eb500000,0x00000000eb580000)
 ParOldGen       total 64000K, used 6123K [0x00000000c1c00000, 0x00000000c5a80000, 0x00000000eb400000)
  object space 64000K, 9% used [0x00000000c1c00000,0x00000000c21fafb8,0x00000000c5a80000)
 Metaspace       used 7593K, capacity 7670K, committed 7936K, reserved 1056768K
  class space    used 925K, capacity 974K, committed 1024K, reserved 1048576K
}

